app/manifest-merger-release-report.txt
-- Merging decision tree log ---
manifest
ADDED from AndroidManifest.xml:2:1
	package
		ADDED from AndroidManifest.xml:3:5
		INJECTED from AndroidManifest.xml:0:0
		INJECTED from AndroidManifest.xml:0:0
	android:versionName
		ADDED from AndroidManifest.xml:5:5
	android:versionCode
		ADDED from AndroidManifest.xml:4:5
		INJECTED from AndroidManifest.xml:0:0
		INJECTED from AndroidManifest.xml:0:0
	xmlns:android
		ADDED from AndroidManifest.xml:2:11
uses-permission#android.permission.INTERNET
ADDED from AndroidManifest.xml:8:5
	android:name
		ADDED from AndroidManifest.xml:8:22
uses-permission#android.permission.ACCESS_NETWORK_STATE
ADDED from AndroidManifest.xml:9:5
	android:name
		ADDED from AndroidManifest.xml:9:22
uses-permission#android.permission.WRITE_EXTERNAL_STORAGE
ADDED from AndroidManifest.xml:10:5
	android:name
		ADDED from AndroidManifest.xml:10:22
uses-permission#android.permission.READ_EXTERNAL_STORAGE
ADDED from AndroidManifest.xml:11:5
	android:name
		ADDED from AndroidManifest.xml:11:22
uses-permission#android.permission.BLUETOOTH
ADDED from AndroidManifest.xml:12:5
MERGED from org.altbeacon:android-beacon-library:2.1.4:11:5
	android:name
		ADDED from AndroidManifest.xml:12:22
uses-permission#android.permission.BLUETOOTH_ADMIN
ADDED from AndroidManifest.xml:13:5
MERGED from org.altbeacon:android-beacon-library:2.1.4:12:5
	android:name
		ADDED from AndroidManifest.xml:13:22
uses-permission#android.permission.CALL_PHONE
ADDED from AndroidManifest.xml:14:5
	android:name
		ADDED from AndroidManifest.xml:14:22
uses-permission#android.permission.WAKE_LOCK
ADDED from AndroidManifest.xml:17:5
	android:name
		ADDED from AndroidManifest.xml:17:22
uses-permission#android.permission.RECEIVE_BOOT_COMPLETED
ADDED from AndroidManifest.xml:18:5
MERGED from org.altbeacon:android-beacon-library:2.1.4:13:5
	android:name
		ADDED from AndroidManifest.xml:18:22
uses-permission#android.permission.GET_ACCOUNTS
ADDED from AndroidManifest.xml:19:5
	android:name
		ADDED from AndroidManifest.xml:19:22
uses-permission#com.google.android.c2dm.permission.RECEIVE
ADDED from AndroidManifest.xml:20:5
	android:name
		ADDED from AndroidManifest.xml:20:22
uses-permission#android.permission.VIBRATE
ADDED from AndroidManifest.xml:21:5
	android:name
		ADDED from AndroidManifest.xml:21:22
permission#com.enormous.pkpizzas.publisher.permission.C2D_MESSAGE
ADDED from AndroidManifest.xml:27:5
	android:protectionLevel
		ADDED from AndroidManifest.xml:29:9
	android:name
		ADDED from AndroidManifest.xml:28:9
uses-permission#com.enormous.pkpizzas.publisher.permission.C2D_MESSAGE
ADDED from AndroidManifest.xml:31:5
	android:name
		ADDED from AndroidManifest.xml:31:22
uses-feature#0x00020000
ADDED from AndroidManifest.xml:33:5
	android:glEsVersion
		ADDED from AndroidManifest.xml:34:9
	android:required
		ADDED from AndroidManifest.xml:35:9
application
ADDED from AndroidManifest.xml:37:5
MERGED from com.android.support:support-v13:22.1.1:22:5
MERGED from com.android.support:support-v4:22.1.1:22:5
MERGED from com.android.support:appcompat-v7:22.1.1:22:5
MERGED from com.android.support:support-v4:22.1.1:22:5
MERGED from org.altbeacon:android-beacon-library:2.1.4:15:5
MERGED from DiscoverPub:facebook:unspecified:24:5
MERGED from com.android.support:support-v4:22.1.1:22:5
	android:label
		ADDED from AndroidManifest.xml:41:9
	android:allowBackup
		ADDED from AndroidManifest.xml:39:9
	android:icon
		ADDED from AndroidManifest.xml:40:9
	android:theme
		ADDED from AndroidManifest.xml:42:9
	android:name
		ADDED from AndroidManifest.xml:38:9
activity#com.enormous.pkpizzas.publisher.activities.OrdersActivity
ADDED from AndroidManifest.xml:43:9
	android:screenOrientation
		ADDED from AndroidManifest.xml:47:13
	android:label
		ADDED from AndroidManifest.xml:45:13
	android:parentActivityName
		ADDED from AndroidManifest.xml:46:13
	android:windowSoftInputMode
		ADDED from AndroidManifest.xml:48:13
	android:name
		ADDED from AndroidManifest.xml:44:13
intent-filter#android.intent.action.MAIN+android.intent.category.DEFAULT
ADDED from AndroidManifest.xml:49:13
action#android.intent.action.MAIN
ADDED from AndroidManifest.xml:50:17
	android:name
		ADDED from AndroidManifest.xml:50:25
category#android.intent.category.DEFAULT
ADDED from AndroidManifest.xml:52:17
	android:name
		ADDED from AndroidManifest.xml:52:27
activity#com.enormous.pkpizzas.publisher.activities.CartActivity
ADDED from AndroidManifest.xml:55:9
	android:screenOrientation
		ADDED from AndroidManifest.xml:59:13
	android:label
		ADDED from AndroidManifest.xml:57:13
	android:windowSoftInputMode
		ADDED from AndroidManifest.xml:58:14
	android:name
		ADDED from AndroidManifest.xml:56:13
meta-data#android.support.PARENT_ACTIVITY
ADDED from AndroidManifest.xml:61:15
	android:value
		ADDED from AndroidManifest.xml:63:17
	android:name
		ADDED from AndroidManifest.xml:62:17
activity#com.enormous.pkpizzas.publisher.activities.ChatMessageActivity
ADDED from AndroidManifest.xml:65:17
	android:screenOrientation
		ADDED from AndroidManifest.xml:69:13
	android:label
		ADDED from AndroidManifest.xml:67:13
	android:windowSoftInputMode
		ADDED from AndroidManifest.xml:68:13
	android:name
		ADDED from AndroidManifest.xml:66:13
activity#com.enormous.pkpizzas.publisher.activities.OffersSharedActivity
ADDED from AndroidManifest.xml:75:12
	android:screenOrientation
		ADDED from AndroidManifest.xml:78:13
	android:label
		ADDED from AndroidManifest.xml:77:13
	android:name
		ADDED from AndroidManifest.xml:76:13
activity#com.enormous.pkpizzas.publisher.activities.IntroActivity
ADDED from AndroidManifest.xml:85:9
	android:screenOrientation
		ADDED from AndroidManifest.xml:88:13
	android:label
		ADDED from AndroidManifest.xml:87:13
	android:theme
		ADDED from AndroidManifest.xml:89:13
	android:name
		ADDED from AndroidManifest.xml:86:13
intent-filter#android.intent.action.MAIN+android.intent.category.LAUNCHER
ADDED from AndroidManifest.xml:90:13
category#android.intent.category.LAUNCHER
ADDED from AndroidManifest.xml:93:17
	android:name
		ADDED from AndroidManifest.xml:93:27
activity#com.enormous.pkpizzas.publisher.activities.LoginActivity
ADDED from AndroidManifest.xml:98:8
	android:theme
		ADDED from AndroidManifest.xml:100:13
	android:name
		ADDED from AndroidManifest.xml:99:13
activity#com.enormous.pkpizzas.publisher.activities.LogInActivitySignIn
ADDED from AndroidManifest.xml:102:9
	android:windowSoftInputMode
		ADDED from AndroidManifest.xml:104:13
	android:name
		ADDED from AndroidManifest.xml:103:13
activity#com.enormous.pkpizzas.publisher.activities.LogInActivitySignUp
ADDED from AndroidManifest.xml:109:9
	android:windowSoftInputMode
		ADDED from AndroidManifest.xml:111:13
	android:name
		ADDED from AndroidManifest.xml:110:13
activity#com.enormous.pkpizzas.publisher.activities.LogInActivityForgotPassword
ADDED from AndroidManifest.xml:116:9
	android:windowSoftInputMode
		ADDED from AndroidManifest.xml:118:13
	android:name
		ADDED from AndroidManifest.xml:117:13
activity#com.enormous.pkpizzas.publisher.activities.BeaconSetupActivity
ADDED from AndroidManifest.xml:126:9
	android:label
		ADDED from AndroidManifest.xml:127:13
	android:windowSoftInputMode
		ADDED from AndroidManifest.xml:128:13
	android:name
		ADDED from AndroidManifest.xml:126:19
activity#com.enormous.pkpizzas.publisher.activities.AddItemsActivity
ADDED from AndroidManifest.xml:133:9
	android:label
		ADDED from AndroidManifest.xml:135:13
	android:windowSoftInputMode
		ADDED from AndroidManifest.xml:136:13
	android:name
		ADDED from AndroidManifest.xml:134:13
activity#com.enormous.pkpizzas.publisher.activities.AddProductActivity
ADDED from AndroidManifest.xml:143:9
	android:label
		ADDED from AndroidManifest.xml:145:13
	android:windowSoftInputMode
		ADDED from AndroidManifest.xml:146:13
	android:name
		ADDED from AndroidManifest.xml:144:13
activity#com.enormous.pkpizzas.publisher.activities.MainScreenActivity
ADDED from AndroidManifest.xml:153:9
	android:label
		ADDED from AndroidManifest.xml:155:13
	android:windowSoftInputMode
		ADDED from AndroidManifest.xml:157:13
	android:theme
		ADDED from AndroidManifest.xml:156:13
	android:name
		ADDED from AndroidManifest.xml:154:13
activity#com.enormous.pkpizzas.publisher.activities.ProductPhotoViewerActivity
ADDED from AndroidManifest.xml:158:17
	android:screenOrientation
		ADDED from AndroidManifest.xml:162:13
	android:label
		ADDED from AndroidManifest.xml:160:13
	android:theme
		ADDED from AndroidManifest.xml:161:13
	android:name
		ADDED from AndroidManifest.xml:159:13
activity#com.facebook.LoginActivity
ADDED from AndroidManifest.xml:169:9
	android:label
		ADDED from AndroidManifest.xml:171:13
	android:windowSoftInputMode
		ADDED from AndroidManifest.xml:172:13
	android:name
		ADDED from AndroidManifest.xml:170:13
service#com.parse.PushService
ADDED from AndroidManifest.xml:173:10
	android:name
		ADDED from AndroidManifest.xml:173:19
receiver#com.parse.ParseBroadcastReceiver
ADDED from AndroidManifest.xml:175:9
	android:name
		ADDED from AndroidManifest.xml:175:19
intent-filter#android.intent.action.BOOT_COMPLETED+android.intent.action.USER_PRESENT
ADDED from AndroidManifest.xml:176:13
action#android.intent.action.BOOT_COMPLETED
ADDED from AndroidManifest.xml:177:17
	android:name
		ADDED from AndroidManifest.xml:177:25
action#android.intent.action.USER_PRESENT
ADDED from AndroidManifest.xml:178:17
	android:name
		ADDED from AndroidManifest.xml:178:25
receiver#com.parse.GcmBroadcastReceiver
ADDED from AndroidManifest.xml:181:9
	android:permission
		ADDED from AndroidManifest.xml:183:13
	android:name
		ADDED from AndroidManifest.xml:182:13
intent-filter#com.enormous.pkpizzas.publisher+com.google.android.c2dm.intent.RECEIVE+com.google.android.c2dm.intent.REGISTRATION
ADDED from AndroidManifest.xml:184:13
action#com.google.android.c2dm.intent.RECEIVE
ADDED from AndroidManifest.xml:185:17
	android:name
		ADDED from AndroidManifest.xml:185:25
action#com.google.android.c2dm.intent.REGISTRATION
ADDED from AndroidManifest.xml:186:17
	android:name
		ADDED from AndroidManifest.xml:186:25
category#com.enormous.pkpizzas.publisher
ADDED from AndroidManifest.xml:188:17
	android:name
		ADDED from AndroidManifest.xml:188:27
receiver#com.parse.ParsePushBroadcastReceiver
ADDED from AndroidManifest.xml:191:9
	android:exported
		ADDED from AndroidManifest.xml:193:13
	android:name
		ADDED from AndroidManifest.xml:192:13
intent-filter#com.parse.push.intent.DELETE+com.parse.push.intent.OPEN+com.parse.push.intent.RECEIVE
ADDED from AndroidManifest.xml:194:13
action#com.parse.push.intent.RECEIVE
ADDED from AndroidManifest.xml:195:17
	android:name
		ADDED from AndroidManifest.xml:195:25
action#com.parse.push.intent.DELETE
ADDED from AndroidManifest.xml:196:17
	android:name
		ADDED from AndroidManifest.xml:196:25
action#com.parse.push.intent.OPEN
ADDED from AndroidManifest.xml:197:17
	android:name
		ADDED from AndroidManifest.xml:197:25
receiver#com.enormous.pkpizzas.publisher.data.ParsePushNotificationReceiver
ADDED from AndroidManifest.xml:200:9
	android:exported
		ADDED from AndroidManifest.xml:202:13
	android:name
		ADDED from AndroidManifest.xml:201:13
intent-filter#com.enormous.pkpizzas.publisher.UPDATE_STATUS
ADDED from AndroidManifest.xml:203:13
action#com.enormous.pkpizzas.publisher.UPDATE_STATUS
ADDED from AndroidManifest.xml:204:17
	android:name
		ADDED from AndroidManifest.xml:204:25
meta-data#com.facebook.sdk.ApplicationId
ADDED from AndroidManifest.xml:207:9
	android:value
		ADDED from AndroidManifest.xml:209:13
	android:name
		ADDED from AndroidManifest.xml:208:13
uses-sdk
INJECTED from AndroidManifest.xml:0:0 reason: use-sdk injection requested
MERGED from com.android.support:support-v13:22.1.1:20:5
MERGED from com.android.support:support-v4:22.1.1:20:5
MERGED from com.android.support:appcompat-v7:22.1.1:20:5
MERGED from com.android.support:support-v4:22.1.1:20:5
MERGED from org.altbeacon:android-beacon-library:2.1.4:7:5
MERGED from DiscoverPub:facebook:unspecified:20:5
MERGED from com.android.support:support-v4:22.1.1:20:5
	android:targetSdkVersion
		INJECTED from AndroidManifest.xml:0:0
		INJECTED from AndroidManifest.xml:0:0
	android:minSdkVersion
		INJECTED from AndroidManifest.xml:0:0
		INJECTED from AndroidManifest.xml:0:0
receiver#org.altbeacon.beacon.startup.StartupBroadcastReceiver
ADDED from org.altbeacon:android-beacon-library:2.1.4:16:9
	android:name
		ADDED from org.altbeacon:android-beacon-library:2.1.4:16:19
intent-filter#android.intent.action.ACTION_POWER_CONNECTED+android.intent.action.ACTION_POWER_DISCONNECTED+android.intent.action.BOOT_COMPLETED
ADDED from org.altbeacon:android-beacon-library:2.1.4:17:13
action#android.intent.action.ACTION_POWER_CONNECTED
ADDED from org.altbeacon:android-beacon-library:2.1.4:19:17
	android:name
		ADDED from org.altbeacon:android-beacon-library:2.1.4:19:25
action#android.intent.action.ACTION_POWER_DISCONNECTED
ADDED from org.altbeacon:android-beacon-library:2.1.4:20:17
	android:name
		ADDED from org.altbeacon:android-beacon-library:2.1.4:20:25
service#org.altbeacon.beacon.service.BeaconService
ADDED from org.altbeacon:android-beacon-library:2.1.4:24:9
	android:enabled
		ADDED from org.altbeacon:android-beacon-library:2.1.4:26:13
	android:label
		ADDED from org.altbeacon:android-beacon-library:2.1.4:29:13
	android:exported
		ADDED from org.altbeacon:android-beacon-library:2.1.4:27:13
	android:isolatedProcess
		ADDED from org.altbeacon:android-beacon-library:2.1.4:28:13
	android:name
		ADDED from org.altbeacon:android-beacon-library:2.1.4:25:13
service#org.altbeacon.beacon.BeaconIntentProcessor
ADDED from org.altbeacon:android-beacon-library:2.1.4:30:9
	android:enabled
		ADDED from org.altbeacon:android-beacon-library:2.1.4:32:13
	android:exported
		ADDED from org.altbeacon:android-beacon-library:2.1.4:33:13
	android:name
		ADDED from org.altbeacon:android-beacon-library:2.1.4:31:13